-------------------------------------------------------------------------------
Test set: TestSuite
-------------------------------------------------------------------------------
Tests run: 2, Failures: 1, Errors: 0, Skipped: 1, Time elapsed: 3.116 s <<< FAILURE! - in TestSuite
testcases.SpiceJetHomePageTest.setUP  Time elapsed: 2.307 s  <<< FAILURE!
java.lang.IllegalStateException: The path to the driver executable must be set by the webdriver.gecko.driver system property; for more information, see https://github.com/mozilla/geckodriver. The latest version can be downloaded from https://github.com/mozilla/geckodriver/releases
	at testcases.SpiceJetHomePageTest.setUP(SpiceJetHomePageTest.java:17)

